<?xml version="1.0" encoding="UTF-8"?>
<testng-results ignored="0" total="6" passed="6" failed="0" skipped="0">
  <reporter-output>
  </reporter-output>
  <suite started-at="2023-04-05T00:06:43 IST" name="Default suite" finished-at="2023-04-05T00:06:43 IST" duration-ms="38">
    <groups>
    </groups>
    <test started-at="2023-04-05T00:06:43 IST" name="Default test" finished-at="2023-04-05T00:06:43 IST" duration-ms="38">
      <class name="Testng1.alpha">
        <test-method signature="c1()[pri:0, instance:Testng1.alpha@37858383]" started-at="2023-04-05T00:06:43 IST" name="c1" finished-at="2023-04-05T00:06:43 IST" duration-ms="4" status="PASS">
          <reporter-output>
          </reporter-output>
        </test-method> <!-- c1 -->
        <test-method signature="c2()[pri:0, instance:Testng1.alpha@37858383]" started-at="2023-04-05T00:06:43 IST" name="c2" finished-at="2023-04-05T00:06:43 IST" duration-ms="3" status="PASS">
          <reporter-output>
          </reporter-output>
        </test-method> <!-- c2 -->
        <test-method signature="c5()[pri:0, instance:Testng1.alpha@37858383]" started-at="2023-04-05T00:06:43 IST" name="c5" finished-at="2023-04-05T00:06:43 IST" duration-ms="0" status="PASS">
          <reporter-output>
          </reporter-output>
        </test-method> <!-- c5 -->
        <test-method signature="c3()[pri:0, instance:Testng1.alpha@37858383]" started-at="2023-04-05T00:06:43 IST" name="c3" finished-at="2023-04-05T00:06:43 IST" duration-ms="0" status="PASS">
          <reporter-output>
          </reporter-output>
        </test-method> <!-- c3 -->
        <test-method signature="c4()[pri:0, instance:Testng1.alpha@37858383]" started-at="2023-04-05T00:06:43 IST" name="c4" finished-at="2023-04-05T00:06:43 IST" duration-ms="1" status="PASS">
          <reporter-output>
          </reporter-output>
        </test-method> <!-- c4 -->
        <test-method signature="abc()[pri:0, instance:Testng1.alpha@37858383]" started-at="2023-04-05T00:06:43 IST" name="abc" finished-at="2023-04-05T00:06:43 IST" depends-on-methods="Testng1.alpha.c5, Testng1.alpha.c1" duration-ms="1" status="PASS">
          <reporter-output>
          </reporter-output>
        </test-method> <!-- abc -->
      </class> <!-- Testng1.alpha -->
    </test> <!-- Default test -->
  </suite> <!-- Default suite -->
</testng-results>
