<?xml version="1.0" encoding="UTF-8"?>
<testng-results ignored="0" total="5" passed="5" failed="0" skipped="0">
  <reporter-output>
  </reporter-output>
  <suite started-at="2023-03-21T23:34:17 IST" name="Default suite" finished-at="2023-03-21T23:34:17 IST" duration-ms="36">
    <groups>
    </groups>
    <test started-at="2023-03-21T23:34:17 IST" name="Default test" finished-at="2023-03-21T23:34:17 IST" duration-ms="36">
      <class name="Testng1.carinfo">
        <test-method is-config="true" signature="car()[pri:0, instance:Testng1.carinfo@44821a96]" started-at="2023-03-21T23:34:17 IST" name="car" finished-at="2023-03-21T23:34:17 IST" duration-ms="5" status="PASS">
          <reporter-output>
          </reporter-output>
        </test-method> <!-- car -->
        <test-method signature="Homepage()[pri:0, instance:Testng1.carinfo@44821a96]" started-at="2023-03-21T23:34:17 IST" name="Homepage" finished-at="2023-03-21T23:34:17 IST" duration-ms="3" status="PASS">
          <reporter-output>
          </reporter-output>
        </test-method> <!-- Homepage -->
        <test-method signature="Homepage2()[pri:0, instance:Testng1.carinfo@44821a96]" started-at="2023-03-21T23:34:17 IST" name="Homepage2" finished-at="2023-03-21T23:34:17 IST" duration-ms="1" status="PASS">
          <reporter-output>
          </reporter-output>
        </test-method> <!-- Homepage2 -->
        <test-method signature="carlogin()[pri:0, instance:Testng1.carinfo@44821a96]" started-at="2023-03-21T23:34:17 IST" name="carlogin" finished-at="2023-03-21T23:34:17 IST" duration-ms="1" status="PASS">
          <reporter-output>
          </reporter-output>
        </test-method> <!-- carlogin -->
        <test-method signature="carlogin1()[pri:0, instance:Testng1.carinfo@44821a96]" started-at="2023-03-21T23:34:17 IST" name="carlogin1" finished-at="2023-03-21T23:34:17 IST" duration-ms="0" status="PASS">
          <reporter-output>
          </reporter-output>
        </test-method> <!-- carlogin1 -->
        <test-method signature="carlogin3()[pri:0, instance:Testng1.carinfo@44821a96]" started-at="2023-03-21T23:34:17 IST" name="carlogin3" finished-at="2023-03-21T23:34:17 IST" duration-ms="1" status="PASS">
          <reporter-output>
          </reporter-output>
        </test-method> <!-- carlogin3 -->
        <test-method is-config="true" signature="Homepage3()[pri:0, instance:Testng1.carinfo@44821a96]" started-at="2023-03-21T23:34:17 IST" name="Homepage3" finished-at="2023-03-21T23:34:17 IST" duration-ms="0" status="PASS">
          <reporter-output>
          </reporter-output>
        </test-method> <!-- Homepage3 -->
      </class> <!-- Testng1.carinfo -->
    </test> <!-- Default test -->
  </suite> <!-- Default suite -->
</testng-results>
