<?xml version="1.0" encoding="UTF-8"?>
<!-- Generated by org.testng.reporters.JUnitXMLReporter -->
<testsuite ignored="0" hostname="DESKTOP-S0VI83S" failures="0" tests="6" name="Default test" time="0.038" errors="0" timestamp="2023-04-05T00:06:43 IST">
  <testcase classname="Testng1.alpha" name="c1" time="0.004"/>
  <testcase classname="Testng1.alpha" name="c2" time="0.003"/>
  <testcase classname="Testng1.alpha" name="c5" time="0.0"/>
  <testcase classname="Testng1.alpha" name="c3" time="0.0"/>
  <testcase classname="Testng1.alpha" name="c4" time="0.001"/>
  <testcase classname="Testng1.alpha" name="abc" time="0.001"/>
</testsuite> <!-- Default test -->
