<?xml version="1.0" encoding="UTF-8"?>
<!-- Generated by org.testng.reporters.JUnitXMLReporter -->
<testsuite ignored="0" hostname="DESKTOP-S0VI83S" failures="0" tests="5" name="Default test" time="0.057" errors="0" timestamp="2023-03-05T13:13:45 IST">
  <testcase classname="test.test1" name="check3" time="0.006"/>
  <testcase classname="test.test1" name="check1" time="0.001"/>
  <testcase classname="test.test1" name="check2" time="0.001"/>
  <testcase classname="test.test1" name="check4" time="0.001"/>
  <testcase classname="test.test1" name="check5" time="0.0"/>
</testsuite> <!-- Default test -->
