<?xml version="1.0" encoding="UTF-8"?>
<!-- Generated by org.testng.reporters.JUnitXMLReporter -->
<testsuite ignored="2" hostname="DESKTOP-S0VI83S" failures="0" tests="2" name="Test" time="0.029" errors="0" timestamp="2023-03-02T13:23:34 IST">
  <testcase classname="test.test1" name="check1" time="0.005"/>
  <testcase classname="test.test2" name="bike" time="0.0"/>
  <testcase classname="test.test1" name="check2" time="0.0">
    <ignored/>
  </testcase> <!-- check2 -->
  <testcase classname="test.test1" name="check3" time="0.0">
    <ignored/>
  </testcase> <!-- check3 -->
</testsuite> <!-- Test -->
