<?xml version="1.0" encoding="UTF-8"?>
<!-- Generated by org.testng.reporters.JUnitXMLReporter -->
<testsuite ignored="0" hostname="DESKTOP-S0VI83S" failures="0" tests="5" name="checkcar" time="0.007" errors="0" timestamp="2023-02-06T21:56:19 IST">
  <testcase classname="Testng1.carinfo" name="Homepage" time="0.0"/>
  <testcase classname="Testng1.carinfo" name="Homepage2" time="0.0"/>
  <testcase classname="Testng1.carinfo" name="carlogin" time="0.001"/>
  <testcase classname="Testng1.carinfo" name="carlogin1" time="0.001"/>
  <testcase classname="Testng1.carinfo" name="carlogin3" time="0.001"/>
</testsuite> <!-- checkcar -->
