<?xml version="1.0" encoding="UTF-8"?>
<!-- Generated by org.testng.reporters.JUnitXMLReporter -->
<testsuite ignored="3" hostname="DESKTOP-S0VI83S" failures="0" tests="1" name="new" time="0.002" errors="0" timestamp="2023-02-06T21:56:19 IST">
  <testcase classname="Testng1.employee" name="team4" time="0.0"/>
  <testcase classname="Testng1.employee" name="team2" time="0.0">
    <ignored/>
  </testcase> <!-- team2 -->
  <testcase classname="Testng1.employee" name="team1" time="0.0">
    <ignored/>
  </testcase> <!-- team1 -->
  <testcase classname="Testng1.employee" name="team3" time="0.0">
    <ignored/>
  </testcase> <!-- team3 -->
</testsuite> <!-- new -->
