<?xml version="1.0" encoding="UTF-8"?>
<!-- Generated by org.testng.reporters.JUnitXMLReporter -->
<testsuite ignored="0" hostname="DESKTOP-S0VI83S" failures="0" tests="12" name="Test" time="0.052" errors="0" timestamp="2023-03-17T00:26:46 IST">
  <testcase classname="Testng1.days" name="Seventh" time="0.003"/>
  <testcase classname="Testng1.days" name="Six" time="0.001"/>
  <testcase classname="Testng1.days" name="fifth" time="0.0"/>
  <testcase classname="Testng1.days" name="first" time="0.001"/>
  <testcase classname="Testng1.days" name="fourth" time="0.001"/>
  <testcase classname="Testng1.test2" name="check2" time="0.001"/>
  <testcase classname="Testng1.test2" name="check3" time="0.0"/>
  <testcase classname="Testng1.test2" name="last" time="0.0"/>
  <testcase classname="Testng1.employee" name="team1" time="0.001"/>
  <testcase classname="Testng1.employee" name="team2" time="0.0"/>
  <testcase classname="Testng1.employee" name="team3" time="0.001"/>
  <testcase classname="Testng1.employee" name="team4" time="0.001"/>
</testsuite> <!-- Test -->
